<?xml version="1.0" encoding="UTF-8"?>
<testng-results ignored="0" total="4" passed="4" failed="0" skipped="0">
  <reporter-output>
  </reporter-output>
  <suite started-at="2025-08-01T07:08:15 IST" name="Default suite" finished-at="2025-08-01T07:09:49 IST" duration-ms="93600">
    <groups>
      <group name="cucumber">
        <method signature="AbstractTestNGCucumberTests.runScenario(io.cucumber.testng.PickleWrapper,io.cucumber.testng.FeatureWrapper)[pri:0, instance:org.testRunner.TestRunner@2118cddf]" name="runScenario" class="io.cucumber.testng.AbstractTestNGCucumberTests"/>
      </group> <!-- cucumber -->
    </groups>
    <test started-at="2025-08-01T07:08:15 IST" name="Default test" finished-at="2025-08-01T07:09:49 IST" duration-ms="93600">
      <class name="org.testRunner.TestRunner">
        <test-method is-config="true" signature="setUpClass(org.testng.ITestContext)[pri:0, instance:org.testRunner.TestRunner@2118cddf]" started-at="2025-08-01T07:08:15 IST" name="setUpClass" finished-at="2025-08-01T07:08:16 IST" duration-ms="213" status="PASS">
          <params>
            <param index="0">
              <value>
                <![CDATA[org.testng.TestRunner@4d7a64ca]]>
              </value>
            </param>
          </params>
          <reporter-output>
          </reporter-output>
        </test-method> <!-- setUpClass -->
        <test-method signature="runScenario(io.cucumber.testng.PickleWrapper,io.cucumber.testng.FeatureWrapper)[pri:0, instance:org.testRunner.TestRunner@2118cddf]" started-at="2025-08-01T07:08:16 IST" name="runScenario" description="Runs Cucumber Scenarios" data-provider="scenarios" finished-at="2025-08-01T07:08:43 IST" duration-ms="27525" status="PASS">
          <params>
            <param index="0">
              <value>
                <![CDATA["Verify opening a new savings account"]]>
              </value>
            </param>
            <param index="1">
              <value>
                <![CDATA["Open New Account Functionality"]]>
              </value>
            </param>
          </params>
          <reporter-output>
          </reporter-output>
        </test-method> <!-- runScenario -->
        <test-method signature="runScenario(io.cucumber.testng.PickleWrapper,io.cucumber.testng.FeatureWrapper)[pri:0, instance:org.testRunner.TestRunner@2118cddf]" started-at="2025-08-01T07:08:43 IST" name="runScenario" description="Runs Cucumber Scenarios" data-provider="scenarios" finished-at="2025-08-01T07:09:09 IST" duration-ms="25878" status="PASS">
          <params>
            <param index="0">
              <value>
                <![CDATA["Verify opening a new checking account"]]>
              </value>
            </param>
            <param index="1">
              <value>
                <![CDATA["Open New Account Functionality"]]>
              </value>
            </param>
          </params>
          <reporter-output>
          </reporter-output>
        </test-method> <!-- runScenario -->
        <test-method signature="runScenario(io.cucumber.testng.PickleWrapper,io.cucumber.testng.FeatureWrapper)[pri:0, instance:org.testRunner.TestRunner@2118cddf]" started-at="2025-08-01T07:09:09 IST" name="runScenario" description="Runs Cucumber Scenarios" data-provider="scenarios" finished-at="2025-08-01T07:09:32 IST" duration-ms="22629" status="PASS">
          <params>
            <param index="0">
              <value>
                <![CDATA["Verify that the balance is reduced from the source account after successful creation of new account"]]>
              </value>
            </param>
            <param index="1">
              <value>
                <![CDATA["Open New Account Functionality"]]>
              </value>
            </param>
          </params>
          <reporter-output>
          </reporter-output>
        </test-method> <!-- runScenario -->
        <test-method signature="runScenario(io.cucumber.testng.PickleWrapper,io.cucumber.testng.FeatureWrapper)[pri:0, instance:org.testRunner.TestRunner@2118cddf]" started-at="2025-08-01T07:09:32 IST" name="runScenario" description="Runs Cucumber Scenarios" data-provider="scenarios" finished-at="2025-08-01T07:09:49 IST" duration-ms="17308" status="PASS">
          <params>
            <param index="0">
              <value>
                <![CDATA["Verify clicking on the new account number navigates to the account details page"]]>
              </value>
            </param>
            <param index="1">
              <value>
                <![CDATA["Open New Account Functionality"]]>
              </value>
            </param>
          </params>
          <reporter-output>
          </reporter-output>
        </test-method> <!-- runScenario -->
        <test-method is-config="true" signature="tearDownClass()[pri:0, instance:org.testRunner.TestRunner@2118cddf]" started-at="2025-08-01T07:09:49 IST" name="tearDownClass" finished-at="2025-08-01T07:09:49 IST" duration-ms="11" status="PASS">
          <reporter-output>
          </reporter-output>
        </test-method> <!-- tearDownClass -->
      </class> <!-- org.testRunner.TestRunner -->
    </test> <!-- Default test -->
  </suite> <!-- Default suite -->
</testng-results>
