<?xml version="1.0" encoding="UTF-8"?>
<testng-results ignored="0" total="3" passed="3" failed="0" skipped="0">
  <reporter-output>
  </reporter-output>
  <suite started-at="2025-08-03T19:36:08 IST" name="Default suite" finished-at="2025-08-03T19:37:02 IST" duration-ms="53916">
    <groups>
      <group name="cucumber">
        <method signature="AbstractTestNGCucumberTests.runScenario(io.cucumber.testng.PickleWrapper,io.cucumber.testng.FeatureWrapper)[pri:0, instance:org.testRunner.TestRunner@2118cddf]" name="runScenario" class="io.cucumber.testng.AbstractTestNGCucumberTests"/>
      </group> <!-- cucumber -->
    </groups>
    <test started-at="2025-08-03T19:36:08 IST" name="Default test" finished-at="2025-08-03T19:37:02 IST" duration-ms="53916">
      <class name="org.testRunner.TestRunner">
        <test-method is-config="true" signature="setUpClass(org.testng.ITestContext)[pri:0, instance:org.testRunner.TestRunner@2118cddf]" started-at="2025-08-03T19:36:08 IST" name="setUpClass" finished-at="2025-08-03T19:36:08 IST" duration-ms="202" status="PASS">
          <params>
            <param index="0">
              <value>
                <![CDATA[org.testng.TestRunner@59ce792e]]>
              </value>
            </param>
          </params>
          <reporter-output>
          </reporter-output>
        </test-method> <!-- setUpClass -->
        <test-method signature="runScenario(io.cucumber.testng.PickleWrapper,io.cucumber.testng.FeatureWrapper)[pri:0, instance:org.testRunner.TestRunner@2118cddf]" started-at="2025-08-03T19:36:08 IST" name="runScenario" description="Runs Cucumber Scenarios" data-provider="scenarios" finished-at="2025-08-03T19:36:25 IST" duration-ms="17445" status="PASS">
          <params>
            <param index="0">
              <value>
                <![CDATA["Requesting loan with insufficient funds"]]>
              </value>
            </param>
            <param index="1">
              <value>
                <![CDATA["Loan Request Functionality"]]>
              </value>
            </param>
          </params>
          <reporter-output>
          </reporter-output>
        </test-method> <!-- runScenario -->
        <test-method signature="runScenario(io.cucumber.testng.PickleWrapper,io.cucumber.testng.FeatureWrapper)[pri:0, instance:org.testRunner.TestRunner@2118cddf]" started-at="2025-08-03T19:36:25 IST" name="runScenario" description="Runs Cucumber Scenarios" data-provider="scenarios" finished-at="2025-08-03T19:36:43 IST" duration-ms="17569" status="PASS">
          <params>
            <param index="0">
              <value>
                <![CDATA["Requesting loan with sufficient funds"]]>
              </value>
            </param>
            <param index="1">
              <value>
                <![CDATA["Loan Request Functionality"]]>
              </value>
            </param>
          </params>
          <reporter-output>
          </reporter-output>
        </test-method> <!-- runScenario -->
        <test-method signature="runScenario(io.cucumber.testng.PickleWrapper,io.cucumber.testng.FeatureWrapper)[pri:0, instance:org.testRunner.TestRunner@2118cddf]" started-at="2025-08-03T19:36:43 IST" name="runScenario" description="Runs Cucumber Scenarios" data-provider="scenarios" finished-at="2025-08-03T19:37:02 IST" duration-ms="18645" status="PASS">
          <params>
            <param index="0">
              <value>
                <![CDATA["Verifying new loan account from account details page"]]>
              </value>
            </param>
            <param index="1">
              <value>
                <![CDATA["Loan Request Functionality"]]>
              </value>
            </param>
          </params>
          <reporter-output>
          </reporter-output>
        </test-method> <!-- runScenario -->
        <test-method is-config="true" signature="tearDownClass()[pri:0, instance:org.testRunner.TestRunner@2118cddf]" started-at="2025-08-03T19:37:02 IST" name="tearDownClass" finished-at="2025-08-03T19:37:02 IST" duration-ms="24" status="PASS">
          <reporter-output>
          </reporter-output>
        </test-method> <!-- tearDownClass -->
      </class> <!-- org.testRunner.TestRunner -->
    </test> <!-- Default test -->
  </suite> <!-- Default suite -->
</testng-results>
